Submission5-old/app/build/intermediates/manifest_merge_blame_file/debug/manifest-merger-blame-debug-report.txt
1<?xml version="1.0" encoding="utf-8"?>
2<manifest xmlns:android="http://schemas.android.com/apk/res/android"
3    package="com.dicoding.intifada.submission5"
4    android:versionCode="1"
5    android:versionName="1.0" >
6
7    <uses-sdk
8        android:minSdkVersion="21"
8-->src\main\AndroidManifest.xml
9        android:targetSdkVersion="29" />
9-->src\main\AndroidManifest.xml
10
11    <uses-permission android:name="android.permission.INTERNET" />
11-->src\main\AndroidManifest.xml:5:5-67
11-->src\main\AndroidManifest.xml:5:22-64
12
13    <permission
13-->src\main\AndroidManifest.xml:7:5-9:44
14        android:name="com.dicoding.intifada.submission5.READ_DATABASE"
14-->src\main\AndroidManifest.xml:8:9-71
15        android:protectionLevel="normal" />
15-->src\main\AndroidManifest.xml:9:9-41
16    <permission
16-->src\main\AndroidManifest.xml:10:5-12:44
17        android:name="com.dicoding.intifada.submission5.WRITE_DATABASE"
17-->src\main\AndroidManifest.xml:11:9-72
18        android:protectionLevel="normal" />
18-->src\main\AndroidManifest.xml:12:9-41
19
20    <application
20-->src\main\AndroidManifest.xml:14:5-81:19
21        android:allowBackup="true"
21-->src\main\AndroidManifest.xml:15:9-35
22        android:appComponentFactory="androidx.core.app.CoreComponentFactory"
22-->[androidx.core:core:1.1.0] AndroidManifest.xml:24:18-86
23        android:debuggable="true"
24        android:icon="@mipmap/ic_launcher"
24-->src\main\AndroidManifest.xml:16:9-43
25        android:label="@string/app_name"
25-->src\main\AndroidManifest.xml:17:9-41
26        android:roundIcon="@mipmap/ic_launcher_round"
26-->src\main\AndroidManifest.xml:18:9-54
27        android:supportsRtl="true"
27-->src\main\AndroidManifest.xml:19:9-35
28        android:testOnly="true"
29        android:theme="@style/AppTheme" >
29-->src\main\AndroidManifest.xml:20:9-40
30        <receiver android:name="com.dicoding.intifada.submission5.widgets.FilmBannerWidgets" >
30-->src\main\AndroidManifest.xml:22:9-30:20
30-->src\main\AndroidManifest.xml:22:19-60
31            <intent-filter>
31-->src\main\AndroidManifest.xml:23:13-25:29
32                <action android:name="android.appwidget.action.APPWIDGET_UPDATE" />
32-->src\main\AndroidManifest.xml:24:17-84
32-->src\main\AndroidManifest.xml:24:25-81
33            </intent-filter>
34
35            <meta-data
35-->src\main\AndroidManifest.xml:27:13-29:68
36                android:name="android.appwidget.provider"
36-->src\main\AndroidManifest.xml:28:17-58
37                android:resource="@xml/film_banner_widgets_info" />
37-->src\main\AndroidManifest.xml:29:17-65
38        </receiver>
39
40        <service
40-->src\main\AndroidManifest.xml:32:9-34:72
41            android:name="com.dicoding.intifada.submission5.widgets.StackWidgetService"
41-->src\main\AndroidManifest.xml:33:13-55
42            android:permission="android.permission.BIND_REMOTEVIEWS" />
42-->src\main\AndroidManifest.xml:34:13-69
43
44        <activity
44-->src\main\AndroidManifest.xml:36:9-38:67
45            android:name="com.dicoding.intifada.submission5.activity.NotifActivity"
45-->src\main\AndroidManifest.xml:37:13-51
46            android:parentActivityName="com.dicoding.intifada.submission5.activity.MainActivity" />
46-->src\main\AndroidManifest.xml:38:13-64
47
48        <receiver
48-->src\main\AndroidManifest.xml:40:9-43:39
49            android:name="com.dicoding.intifada.submission5.notifications.NotifReceiver"
49-->src\main\AndroidManifest.xml:41:13-56
50            android:enabled="true"
50-->src\main\AndroidManifest.xml:42:13-35
51            android:exported="true" />
51-->src\main\AndroidManifest.xml:43:13-36
52
53        <activity
53-->src\main\AndroidManifest.xml:45:9-47:67
54            android:name="com.dicoding.intifada.submission5.activity.SearchActivity"
54-->src\main\AndroidManifest.xml:46:13-52
55            android:parentActivityName="com.dicoding.intifada.submission5.activity.MainActivity" />
55-->src\main\AndroidManifest.xml:47:13-64
56
57        <provider
57-->src\main\AndroidManifest.xml:49:9-55:90
58            android:name="com.dicoding.intifada.submission5.provider.FavMoviesProvider"
58-->src\main\AndroidManifest.xml:50:13-55
59            android:authorities="com.dicoding.intifada.submission5"
59-->src\main\AndroidManifest.xml:51:13-68
60            android:enabled="true"
60-->src\main\AndroidManifest.xml:52:13-35
61            android:exported="true"
61-->src\main\AndroidManifest.xml:53:13-36
62            android:readPermission="com.dicoding.intifada.submission5.READ_DATABASE"
62-->src\main\AndroidManifest.xml:54:13-85
63            android:writePermission="com.dicoding.intifada.submission5.WRITE_DATABASE" />
63-->src\main\AndroidManifest.xml:55:13-87
64
65        <activity
65-->src\main\AndroidManifest.xml:57:9-63:20
66            android:name="com.dicoding.intifada.submission5.activity.DetailActivityTVShow"
66-->src\main\AndroidManifest.xml:58:13-58
67            android:parentActivityName="com.dicoding.intifada.submission5.activity.MainActivity" >
67-->src\main\AndroidManifest.xml:59:13-64
68            <meta-data
68-->src\main\AndroidManifest.xml:60:13-62:58
69                android:name="android.support.PARENT_ACTIVITY"
69-->src\main\AndroidManifest.xml:61:17-63
70                android:value=".activity.MainActivity" />
70-->src\main\AndroidManifest.xml:62:17-55
71        </activity>
72        <activity
72-->src\main\AndroidManifest.xml:64:9-70:20
73            android:name="com.dicoding.intifada.submission5.activity.DetailActivityMovies"
73-->src\main\AndroidManifest.xml:65:13-58
74            android:parentActivityName="com.dicoding.intifada.submission5.activity.MainActivity" >
74-->src\main\AndroidManifest.xml:66:13-64
75            <meta-data
75-->src\main\AndroidManifest.xml:60:13-62:58
76                android:name="android.support.PARENT_ACTIVITY"
76-->src\main\AndroidManifest.xml:61:17-63
77                android:value=".activity.MainActivity" />
77-->src\main\AndroidManifest.xml:62:17-55
78        </activity>
79        <activity android:name="com.dicoding.intifada.submission5.activity.MainActivity" />
79-->src\main\AndroidManifest.xml:71:9-59
79-->src\main\AndroidManifest.xml:71:19-56
80        <activity
80-->src\main\AndroidManifest.xml:72:9-80:20
81            android:name="com.dicoding.intifada.submission5.activity.SplashScreenActivity"
81-->src\main\AndroidManifest.xml:73:13-58
82            android:theme="@style/SplassScreenCustom" >
82-->src\main\AndroidManifest.xml:74:13-54
83            <intent-filter>
83-->src\main\AndroidManifest.xml:75:13-79:29
84                <action android:name="android.intent.action.MAIN" />
84-->src\main\AndroidManifest.xml:76:17-69
84-->src\main\AndroidManifest.xml:76:25-66
85
86                <category android:name="android.intent.category.LAUNCHER" />
86-->src\main\AndroidManifest.xml:78:17-77
86-->src\main\AndroidManifest.xml:78:27-74
87            </intent-filter>
88        </activity>
89
90        <provider
90-->[androidx.lifecycle:lifecycle-process:2.2.0] AndroidManifest.xml:25:9-29:43
91            android:name="androidx.lifecycle.ProcessLifecycleOwnerInitializer"
91-->[androidx.lifecycle:lifecycle-process:2.2.0] AndroidManifest.xml:26:13-79
92            android:authorities="com.dicoding.intifada.submission5.lifecycle-process"
92-->[androidx.lifecycle:lifecycle-process:2.2.0] AndroidManifest.xml:27:13-69
93            android:exported="false"
93-->[androidx.lifecycle:lifecycle-process:2.2.0] AndroidManifest.xml:28:13-37
94            android:multiprocess="true" />
94-->[androidx.lifecycle:lifecycle-process:2.2.0] AndroidManifest.xml:29:13-40
95    </application>
96
97</manifest>